# Image Issues Log
# Generated: 2025-12-15T14:56:57.242Z
# Total issues: 57

═══════════════════════════════════════════════════════════════

## IMAGES NOT FOUND

Post: Presidente da Mesa da Assembleia Convoca Sócios do Clube Amigos do Basquete
Slug: presidente-da-mesa-da-assembleia-convoca-socios-do-clube-amigos-do-basquete-2018-02-22
Image: images/noticias/fotoNoticia.jpg
Admin URL: /admin/collections/posts/presidente-da-mesa-da-assembleia-convoca-socios-do-clube-amigos-do-basquete-2018-02-22
---

Post: João Paulo Silva antevê jogo contra Maia Basket
Slug: joao-paulo-silva-anteve-jogo-contra-maia-basket-2015-04-07
Image: images/noticias/juca(19).jpg
Admin URL: /admin/collections/posts/joao-paulo-silva-anteve-jogo-contra-maia-basket-2015-04-07
---

Post: Clube-Família promove mais uma iniciativa de apoio à Formação
Slug: clube-familia-promove-mais-uma-iniciativa-de-apoio-a-formacao-2014-12-01
Image: images/noticias/CARTAZ FEITA DO EURO (imagem colorida).jpg
Admin URL: /admin/collections/posts/clube-familia-promove-mais-uma-iniciativa-de-apoio-a-formacao-2014-12-01
---

Post: Evento irá decorrer no Pavilhão do CAB
Slug: evento-ira-decorrer-no-pavilhao-do-cab-2017-07-30
Image: images/noticias/CAB Madeira (Horizontal)(17).jpg
Admin URL: /admin/collections/posts/evento-ira-decorrer-no-pavilhao-do-cab-2017-07-30
---

Post: Comunicado da Direcção do CAB sobre a desistência da Académica da Liga Masculina
Slug: comunicado-da-direccao-do-cab-sobre-a-desistencia-da-academica-da-liga-masculina-2013-11-28
Image: images/noticias/ACADEM.png
Admin URL: /admin/collections/posts/comunicado-da-direccao-do-cab-sobre-a-desistencia-da-academica-da-liga-masculina-2013-11-28
---

Post: CAB fortalece opções para o jogo interior
Slug: cab-fortalece-opcoes-para-o-jogo-interior-2016-08-12
Image: images/noticias/SP.jpg
Admin URL: /admin/collections/posts/cab-fortalece-opcoes-para-o-jogo-interior-2016-08-12
---

Post: CAB volta a representar a Madeira nos palcos nacionais
Slug: cab-volta-a-representar-a-madeira-nos-palcos-nacionais-2016-06-14
Image: images/noticias/Sub14F(1).jpg
Admin URL: /admin/collections/posts/cab-volta-a-representar-a-madeira-nos-palcos-nacionais-2016-06-14
---

Post: Amigos carimbam 'passaporte' com vitória em Braga
Slug: amigos-carimbam-passaporte-com-vitoria-em-braga-2017-02-26
Image: images/noticias/foto(272).jpg
Admin URL: /admin/collections/posts/amigos-carimbam-passaporte-com-vitoria-em-braga-2017-02-26
---

Post: Trabalho intenso mas com grande entusiasmo têm marcado as manhãs no Pavilhão do CAB
Slug: trabalho-intenso-mas-com-grande-entusiasmo-tem-marcado-as-manhas-no-pavilhao-do-cab-2015-07-13
Image: images/noticias/IMG_5732.jpg
Admin URL: /admin/collections/posts/trabalho-intenso-mas-com-grande-entusiasmo-tem-marcado-as-manhas-no-pavilhao-do-cab-2015-07-13
---

Post: Pedro Dias aborda o treino da força
Slug: pedro-dias-aborda-o-treino-da-forca-2015-10-26
Image: images/noticias/MC1.jpg
Admin URL: /admin/collections/posts/pedro-dias-aborda-o-treino-da-forca-2015-10-26
---

Post: FAMILIA CAB ajuda a Associação de Paralisia Cerebral da Madeira
Slug: familia-cab-ajuda-a-associacao-de-paralisia-cerebral-da-madeira-2012-10-22
Image: images/noticias/FOTO(9).jpg
Admin URL: /admin/collections/posts/familia-cab-ajuda-a-associacao-de-paralisia-cerebral-da-madeira-2012-10-22
---

Post: Título conquistado pela equipa se Sub-16 Femininos
Slug: titulo-conquistado-pela-equipa-se-sub-16-femininos-2017-03-04
Image: images/noticias/foto(274).jpg
Admin URL: /admin/collections/posts/titulo-conquistado-pela-equipa-se-sub-16-femininos-2017-03-04
---

Post: Clube-Família assinala dia especial
Slug: clube-familia-assinala-dia-especial-2015-03-18
Image: images/noticias/imagem(4).jpg
Admin URL: /admin/collections/posts/clube-familia-assinala-dia-especial-2015-03-18
---

Post: Em dia de estreias, Amigas ganharam e convenceram
Slug: em-dia-de-estreias-amigas-ganharam-e-convenceram-2014-01-04
Image: images/noticias/FOTO(31).jpg
Admin URL: /admin/collections/posts/em-dia-de-estreias-amigas-ganharam-e-convenceram-2014-01-04
---

Post: Equipa Feminina com jornada dupla contra Ovarense e Vagos
Slug: equipa-feminina-com-jornada-dupla-contra-ovarense-e-vagos-2017-01-20
Image: images/noticias/foto(247).jpg
Admin URL: /admin/collections/posts/equipa-feminina-com-jornada-dupla-contra-ovarense-e-vagos-2017-01-20
---

Post: Um agradecimento às 'guerreiras'
Slug: um-agradecimento-as-guerreiras-2017-05-02
Image: images/noticias/FOTO(221).jpg
Admin URL: /admin/collections/posts/um-agradecimento-as-guerreiras-2017-05-02
---

Post: Amigos infelizes em jornada atribulada
Slug: amigos-infelizes-em-jornada-atribulada-2015-03-08
Image: images/noticias/SM(15).jpg
Admin URL: /admin/collections/posts/amigos-infelizes-em-jornada-atribulada-2015-03-08
---

Post: Cansaço derrota Amigas e afasta-as da final da 'Victor Hugo'
Slug: cansaco-derrota-amigas-e-afasta-as-da-final-da-victor-hugo-2014-10-04
Image: images/noticias/FOTO(58).jpg
Admin URL: /admin/collections/posts/cansaco-derrota-amigas-e-afasta-as-da-final-da-victor-hugo-2014-10-04
---

Post: Anunciadas as datas-limite para inscrições e pagamentos
Slug: anunciadas-as-datas-limite-para-inscricoes-e-pagamentos-2016-02-16
Image: images/noticias/foto noticia(3).jpg
Admin URL: /admin/collections/posts/anunciadas-as-datas-limite-para-inscricoes-e-pagamentos-2016-02-16
---

Post: Diogo Ventura antevê jogo contra Vitória
Slug: diogo-ventura-anteve-jogo-contra-vitoria-2015-11-11
Image: images/noticias/DV(1).jpg
Admin URL: /admin/collections/posts/diogo-ventura-anteve-jogo-contra-vitoria-2015-11-11
---

Post: Amigos felizes no primeiro embate de jornada dupla
Slug: amigos-felizes-no-primeiro-embate-de-jornada-dupla-2015-01-24
Image: images/noticias/foto(88).jpg
Admin URL: /admin/collections/posts/amigos-felizes-no-primeiro-embate-de-jornada-dupla-2015-01-24
---

Post: Quatro jogadoras dos Amigos apontadas à Equipa das Quinas
Slug: quatro-jogadoras-dos-amigos-apontadas-a-equipa-das-quinas-2016-01-18
Image: images/noticias/JL(1).jpg
Admin URL: /admin/collections/posts/quatro-jogadoras-dos-amigos-apontadas-a-equipa-das-quinas-2016-01-18
---

Post: Minis dos Amigos constituem o cerne da Selecção Regional
Slug: minis-dos-amigos-constituem-o-cerne-da-seleccao-regional-2013-06-01
Image: images/noticias/MINI12.jpg
Admin URL: /admin/collections/posts/minis-dos-amigos-constituem-o-cerne-da-seleccao-regional-2013-06-01
---

Post: Amigos defrontam Guimarães na primeira ronda dos 'playoff'
Slug: amigos-defrontam-guimaraes-na-primeira-ronda-dos-playoff-2015-04-18
Image: images/noticias/FOTO(102).jpg
Admin URL: /admin/collections/posts/amigos-defrontam-guimaraes-na-primeira-ronda-dos-playoff-2015-04-18
---

Post: CAB em várias frentes num dia cheio de actividades
Slug: cab-em-varias-frentes-num-dia-cheio-de-actividades-2015-01-26
Image: images/noticias/foto(90).jpg
Admin URL: /admin/collections/posts/cab-em-varias-frentes-num-dia-cheio-de-actividades-2015-01-26
---

Post: Tudo a postos para os primeiros jogos e Cerimónia de Abertura
Slug: tudo-a-postos-para-os-primeiros-jogos-e-cerimonia-de-abertura-2015-06-30
Image: images/noticias/logo_2015.jpg
Admin URL: /admin/collections/posts/tudo-a-postos-para-os-primeiros-jogos-e-cerimonia-de-abertura-2015-06-30
---

Post: Formação e Séniores estreiam novos números na nova época
Slug: formacao-e-seniores-estreiam-novos-numeros-na-nova-epoca-2015-07-28
Image: images/noticias/foto(118).jpg
Admin URL: /admin/collections/posts/formacao-e-seniores-estreiam-novos-numeros-na-nova-epoca-2015-07-28
---

Post: CAB encara nova época com 'núcleo duro' intacto
Slug: cab-encara-nova-epoca-com-nucleo-duro-intacto-2015-06-27
Image: images/noticias/CF(7).jpg
Admin URL: /admin/collections/posts/cab-encara-nova-epoca-com-nucleo-duro-intacto-2015-06-27
---

Post: Cesto 'impossível' no último segundo dá empate nas séries com o Guimarães
Slug: cesto-impossivel-no-ultimo-segundo-da-empate-nas-series-com-o-guimaraes-2015-04-26
Image: images/noticias/JS(1).jpg
Admin URL: /admin/collections/posts/cesto-impossivel-no-ultimo-segundo-da-empate-nas-series-com-o-guimaraes-2015-04-26
---

Post: Amigas confirmam apuramento para a segunda fase da 'Victor Hugo'
Slug: amigas-confirmam-apuramento-para-a-segunda-fase-da-victor-hugo-2014-09-28
Image: images/noticias/FOTO(57).jpg
Admin URL: /admin/collections/posts/amigas-confirmam-apuramento-para-a-segunda-fase-da-victor-hugo-2014-09-28
---

Post: O Chefe cozinha 'carne encestada'
Slug: o-chefe-cozinha-carne-encestada-2013-05-24
Image: images/noticias/Almoço do caldeira.html
Admin URL: /admin/collections/posts/o-chefe-cozinha-carne-encestada-2013-05-24
---

Post: Presidente da Mesa da Assembleia convoca reunião de sócios dos Amigos do Basquete
Slug: presidente-da-mesa-da-assembleia-convoca-reuniao-de-socios-dos-amigos-do-basquete-2014-10-09
Image: images/noticias/CAB Madeira (Horizontal)(8).jpg
Admin URL: /admin/collections/posts/presidente-da-mesa-da-assembleia-convoca-reuniao-de-socios-dos-amigos-do-basquete-2014-10-09
---

Post: Mão certeira de Marta Bravo e forte espírito de equipa carregam CAB à vitória frente ao Lombos
Slug: mao-certeira-de-marta-bravo-e-forte-espirito-de-equipa-carregam-cab-a-vitoria-frente-ao-lombos-2015-03-14
Image: images/noticias/MARTA(1).jpg
Admin URL: /admin/collections/posts/mao-certeira-de-marta-bravo-e-forte-espirito-de-equipa-carregam-cab-a-vitoria-frente-ao-lombos-2015-03-14
---

Post: Atletas visitantes vibram com o Torneio do CAB
Slug: atletas-visitantes-vibram-com-o-torneio-do-cab-2015-07-03
Image: images/noticias/foto(112).jpg
Admin URL: /admin/collections/posts/atletas-visitantes-vibram-com-o-torneio-do-cab-2015-07-03
---

Post: Jogador cumprirá a terceira época sénior nos Amigos
Slug: jogador-cumprira-a-terceira-epoca-senior-nos-amigos-2016-04-02
Image: images/noticias/BC.jpg
Admin URL: /admin/collections/posts/jogador-cumprira-a-terceira-epoca-senior-nos-amigos-2016-04-02
---

Post: Amigos entram com o 'pé direito' no grande torneio da Formação
Slug: amigos-entram-com-o-pe-direito-no-grande-torneio-da-formacao-2015-07-01
Image: images/noticias/FOTO(109).jpg
Admin URL: /admin/collections/posts/amigos-entram-com-o-pe-direito-no-grande-torneio-da-formacao-2015-07-01
---

Post: João Paulo Silva comenta jogos contra Ovarense e Eléctrico
Slug: joao-paulo-silva-comenta-jogos-contra-ovarense-e-electrico-2017-03-17
Image: images/noticias/juca(46).jpg
Admin URL: /admin/collections/posts/joao-paulo-silva-comenta-jogos-contra-ovarense-e-electrico-2017-03-17
---

Post: João Pedro Vieira aponta ao primeiro título da época
Slug: joao-pedro-vieira-aponta-ao-primeiro-titulo-da-epoca-2015-10-01
Image: images/noticias/FOTO(125).jpg
Admin URL: /admin/collections/posts/joao-pedro-vieira-aponta-ao-primeiro-titulo-da-epoca-2015-10-01
---

Post: Equipa Masculina afirma-se (cada vez mais) como uma 'equipa à CAB'!
Slug: equipa-masculina-afirma-se-cada-vez-mais-como-uma-equipa-a-cab-2017-03-07
Image: images/noticias/foto(276).jpg
Admin URL: /admin/collections/posts/equipa-masculina-afirma-se-cada-vez-mais-como-uma-equipa-a-cab-2017-03-07
---

Post: Torneio do CAB aponta para número bonito de participantes
Slug: torneio-do-cab-aponta-para-numero-bonito-de-participantes-2017-04-08
Image: images/noticias/foto(288).jpg
Admin URL: /admin/collections/posts/torneio-do-cab-aponta-para-numero-bonito-de-participantes-2017-04-08
---

Post: Mensagem de Natal do Presidente da Direcção
Slug: mensagem-de-natal-do-presidente-da-direccao-2013-12-23
Image: images/noticias/Apresentação1(19).html
Admin URL: /admin/collections/posts/mensagem-de-natal-do-presidente-da-direccao-2013-12-23
---

Post: Amigas de luta seguem em frente na Taça Federação
Slug: amigas-de-luta-seguem-em-frente-na-taca-federacao-2016-02-12
Image: images/noticias/Seniores Feminino Novembro 2015.jpg
Admin URL: /admin/collections/posts/amigas-de-luta-seguem-em-frente-na-taca-federacao-2016-02-12
---

Post: Trio americano aumenta versatilidade dos Amigos
Slug: trio-americano-aumenta-versatilidade-dos-amigos-2015-08-27
Image: images/noticias/Foto (americanos).jpg
Admin URL: /admin/collections/posts/trio-americano-aumenta-versatilidade-dos-amigos-2015-08-27
---

Post: Amigos reúnem três centenas para semana de basquetebol
Slug: amigos-reunem-tres-centenas-para-semana-de-basquetebol-2014-06-29
Image: images/noticias/foto(51).jpg
Admin URL: /admin/collections/posts/amigos-reunem-tres-centenas-para-semana-de-basquetebol-2014-06-29
---

Post: CAB abre as portas a estagiários de várias escola regionais
Slug: cab-abre-as-portas-a-estagiarios-de-varias-escola-regionais-2016-06-07
Image: images/noticias/20160606_161315.jpg
Admin URL: /admin/collections/posts/cab-abre-as-portas-a-estagiarios-de-varias-escola-regionais-2016-06-07
---

Post: FAMÍLIA CAB junta-se para o primeiro convívio da época
Slug: familia-cab-junta-se-para-o-primeiro-convivio-da-epoca-2015-11-13
Image: images/noticias/Macarronada do Caldeira (14.11.15).jpg
Admin URL: /admin/collections/posts/familia-cab-junta-se-para-o-primeiro-convivio-da-epoca-2015-11-13
---

Post: Atletas do CAB chamados para a preparação do Europeu
Slug: atletas-do-cab-chamados-para-a-preparacao-do-europeu-2015-02-03
Image: images/noticias/Apresentação1(29).html
Admin URL: /admin/collections/posts/atletas-do-cab-chamados-para-a-preparacao-do-europeu-2015-02-03
---

Post: Amigas quebram enguiço frente ao Lombos e estão nas finais da Taça de Portugal
Slug: amigas-quebram-enguico-frente-ao-lombos-e-estao-nas-finais-da-taca-de-portugal-2014-02-09
Image: images/noticias/EQUIPA FEMININA(5).jpg
Admin URL: /admin/collections/posts/amigas-quebram-enguico-frente-ao-lombos-e-estao-nas-finais-da-taca-de-portugal-2014-02-09
---

Post: Clube de Pais reúne FAMÍLIA CAB para mais um convívio
Slug: clube-de-pais-reune-familia-cab-para-mais-um-convivio-2014-01-17
Image: images/noticias/II Feijoada Caldeira.jpg
Admin URL: /admin/collections/posts/clube-de-pais-reune-familia-cab-para-mais-um-convivio-2014-01-17
---

Post: João Freitas antevê jogo contra Sportiva
Slug: joao-freitas-anteve-jogo-contra-sportiva-2017-04-11
Image: images/noticias/JF2(2).jpg
Admin URL: /admin/collections/posts/joao-freitas-anteve-jogo-contra-sportiva-2017-04-11
---

Post: Amigos deslizam, mas deixam boas indicações
Slug: amigos-deslizam-mas-deixam-boas-indicacoes-2016-01-30
Image: images/noticias/FOTO(161).jpg
Admin URL: /admin/collections/posts/amigos-deslizam-mas-deixam-boas-indicacoes-2016-01-30
---

Post: CAB e Vagos homenageiam antiga jogadora
Slug: cab-e-vagos-homenageiam-antiga-jogadora-2014-01-07
Image: images/noticias/ODI Site.jpg
Admin URL: /admin/collections/posts/cab-e-vagos-homenageiam-antiga-jogadora-2014-01-07
---

Post: Formação dos Amigos prepara a época com torneio interno
Slug: formacao-dos-amigos-prepara-a-epoca-com-torneio-interno-2015-10-05
Image: images/noticias/FOTO(126).jpg
Admin URL: /admin/collections/posts/formacao-dos-amigos-prepara-a-epoca-com-torneio-interno-2015-10-05
---

Post: Presidente da Assembleia Geral convoca sócios para a eleição dos Corpos Sociais do clube
Slug: presidente-da-assembleia-geral-convoca-socios-para-a-eleicao-dos-corpos-sociais-do-clube-2014-06-18
Image: images/noticias/SIMBOLO(4).jpg
Admin URL: /admin/collections/posts/presidente-da-assembleia-geral-convoca-socios-para-a-eleicao-dos-corpos-sociais-do-clube-2014-06-18
---

Post: Já é conhecida a Equipa Vermelha...
Slug: ja-e-conhecida-a-equipa-vermelha-2016-02-26
Image: images/noticias/EQUIPA VERMELHA.jpg
Admin URL: /admin/collections/posts/ja-e-conhecida-a-equipa-vermelha-2016-02-26
---

Post: Amigos vencem 'jogo de loucos' e conquistam primeiras vitória caseira
Slug: amigos-vencem-jogo-de-loucos-e-conquistam-primeiras-vitoria-caseira-2014-12-20
Image: images/noticias/SM(16).jpg
Admin URL: /admin/collections/posts/amigos-vencem-jogo-de-loucos-e-conquistam-primeiras-vitoria-caseira-2014-12-20
---

Post: Presidente da Assembleia Geral convoca sócios do clube
Slug: presidente-da-assembleia-geral-convoca-socios-do-clube-2016-11-24
Image: images/noticias/SIMBOLO(7).jpg
Admin URL: /admin/collections/posts/presidente-da-assembleia-geral-convoca-socios-do-clube-2016-11-24
---
